2021-01-12 15:48:46,049 INFO o.a.j.u.JMeterUtils: Setting Locale to en_EN
2021-01-12 15:48:46,084 INFO o.a.j.JMeter: Loading user properties from: /usr/local/Cellar/jmeter/5.4/libexec/bin/user.properties
2021-01-12 15:48:46,085 INFO o.a.j.JMeter: Loading system properties from: /usr/local/Cellar/jmeter/5.4/libexec/bin/system.properties
2021-01-12 15:48:46,093 INFO o.a.j.JMeter: Copyright (c) 1998-2020 The Apache Software Foundation
2021-01-12 15:48:46,093 INFO o.a.j.JMeter: Version 5.4
2021-01-12 15:48:46,093 INFO o.a.j.JMeter: java.version=15.0.1
2021-01-12 15:48:46,093 INFO o.a.j.JMeter: java.vm.name=OpenJDK 64-Bit Server VM
2021-01-12 15:48:46,093 INFO o.a.j.JMeter: os.name=Mac OS X
2021-01-12 15:48:46,093 INFO o.a.j.JMeter: os.arch=x86_64
2021-01-12 15:48:46,093 INFO o.a.j.JMeter: os.version=10.14.6
2021-01-12 15:48:46,094 INFO o.a.j.JMeter: file.encoding=UTF-8
2021-01-12 15:48:46,094 INFO o.a.j.JMeter: java.awt.headless=null
2021-01-12 15:48:46,094 INFO o.a.j.JMeter: Max memory     =1073741824
2021-01-12 15:48:46,094 INFO o.a.j.JMeter: Available Processors =12
2021-01-12 15:48:46,104 INFO o.a.j.JMeter: Default Locale=English (EN)
2021-01-12 15:48:46,104 INFO o.a.j.JMeter: JMeter  Locale=English (EN)
2021-01-12 15:48:46,104 INFO o.a.j.JMeter: JMeterHome=/usr/local/Cellar/jmeter/5.4/libexec
2021-01-12 15:48:46,104 INFO o.a.j.JMeter: user.dir  =/Users/abdussalam_s/purple_Work/purpleqa-repo/purple-qa-automation
2021-01-12 15:48:46,104 INFO o.a.j.JMeter: PWD       =/Users/abdussalam_s/purple_Work/purpleqa-repo/purple-qa-automation
2021-01-12 15:48:46,119 INFO o.a.j.JMeter: IP: 192.168.225.105 Name: CHMB114180 FullName: chmb114180
2021-01-12 15:48:48,091 INFO o.a.j.JMeter: Setting LAF to: com.github.weisj.darklaf.DarkLaf:com.github.weisj.darklaf.theme.DarculaTheme
2021-01-12 15:48:49,058 INFO o.a.j.JMeter: Loaded icon properties from org/apache/jmeter/images/icon.properties
2021-01-12 15:48:50,061 INFO o.j.r.JARSourceHTTP: Requesting https://jmeter-plugins.org/repo/?installID=mac_os_x-bd2a2d6e2b2fbed0a1268ecb20ef4af7-gui
2021-01-12 15:48:53,429 INFO o.j.r.PluginManager: Plugins Status: [jpgc-plugins-manager=1.6, jmeter-core=5.4, jmeter-ftp=5.4, jmeter-http=5.4, jmeter-jdbc=5.4, jmeter-jms=5.4, jmeter-junit=5.4, jmeter-java=5.4, jmeter-ldap=5.4, jmeter-mail=5.4, jmeter-mongodb=5.4, jmeter-native=5.4, jmeter-tcp=5.4, jmeter-components=5.4]
2021-01-12 15:49:13,830 INFO o.a.j.s.FileServer: Default base='/Users/abdussalam_s/purple_Work/purpleqa-repo/purple-qa-automation'
2021-01-12 15:49:13,833 INFO o.a.j.g.a.Load: Loading file: /Users/abdussalam_s/Desktop/Purple_PerfScripts/Purple_Perf_12162020_PROD.jmx
2021-01-12 15:49:13,834 INFO o.a.j.s.FileServer: Set new base='/Users/abdussalam_s/Desktop/Purple_PerfScripts'
2021-01-12 15:49:13,988 INFO o.a.j.s.SaveService: Testplan (JMX) version: 2.2. Testlog (JTL) version: 2.2
2021-01-12 15:49:13,995 INFO o.a.j.s.SaveService: Using SaveService properties version 5.0
2021-01-12 15:49:13,996 INFO o.a.j.s.SaveService: Using SaveService properties file encoding UTF-8
2021-01-12 15:49:13,997 INFO o.a.j.s.SaveService: Loading file: /Users/abdussalam_s/Desktop/Purple_PerfScripts/Purple_Perf_12162020_PROD.jmx
2021-01-12 15:49:14,136 INFO o.a.j.p.h.c.CacheManager: Will only cache the following methods: [GET]
2021-01-12 15:49:14,137 INFO o.a.j.p.h.c.CookieManager: Settings: Delete null: true Check: true Allow variable: true Save: false Prefix: COOKIE_
2021-01-12 15:49:14,143 INFO o.a.j.p.h.s.HTTPSamplerBase: Parser for text/html is org.apache.jmeter.protocol.http.parser.LagartoBasedHtmlParser
2021-01-12 15:49:14,143 INFO o.a.j.p.h.s.HTTPSamplerBase: Parser for application/xhtml+xml is org.apache.jmeter.protocol.http.parser.LagartoBasedHtmlParser
2021-01-12 15:49:14,143 INFO o.a.j.p.h.s.HTTPSamplerBase: Parser for application/xml is org.apache.jmeter.protocol.http.parser.LagartoBasedHtmlParser
2021-01-12 15:49:14,143 INFO o.a.j.p.h.s.HTTPSamplerBase: Parser for text/xml is org.apache.jmeter.protocol.http.parser.LagartoBasedHtmlParser
2021-01-12 15:49:14,143 INFO o.a.j.p.h.s.HTTPSamplerBase: Parser for text/vnd.wap.wml is org.apache.jmeter.protocol.http.parser.RegexpHTMLParser
2021-01-12 15:49:14,143 INFO o.a.j.p.h.s.HTTPSamplerBase: Parser for text/css is org.apache.jmeter.protocol.http.parser.CssParser
2021-01-12 15:49:14,512 INFO o.a.j.s.SampleResult: Note: Sample TimeStamps are START times
2021-01-12 15:49:14,512 INFO o.a.j.s.SampleResult: sampleresult.default.encoding is set to ISO-8859-1
2021-01-12 15:49:14,512 INFO o.a.j.s.SampleResult: sampleresult.useNanoTime=true
2021-01-12 15:49:14,512 INFO o.a.j.s.SampleResult: sampleresult.nanoThreadSleep=5000
2021-01-12 15:49:14,664 INFO o.a.j.v.ViewResultsFullVisualizer: Add JavaFX to your Java installation if you want to use renderer: org.apache.jmeter.visualizers.RenderInBrowser
2021-01-12 15:49:14,759 INFO o.a.j.s.FileServer: Set new base='/Users/abdussalam_s/Desktop/Purple_PerfScripts'
